<?xml version="1.0" encoding="UTF-8"?>
<testng-results skipped="0" failed="0" ignored="0" total="1" passed="1">
  <reporter-output>
  </reporter-output>
  <suite name="Transform" duration-ms="162" started-at="2019-01-01T10:22:32Z" finished-at="2019-01-01T10:22:32Z">
    <groups>
    </groups>
    <test name="Test" duration-ms="162" started-at="2019-01-01T10:22:32Z" finished-at="2019-01-01T10:22:32Z">
      <class name="transform.TestTransform2">
        <test-method status="PASS" signature="test()[pri:0, instance:transform.TestTransform2@15bfd87]" name="test" duration-ms="65" started-at="2019-01-01T10:22:32Z" finished-at="2019-01-01T10:22:32Z">
          <reporter-output>
          </reporter-output>
        </test-method> <!-- test -->
      </class> <!-- transform.TestTransform2 -->
    </test> <!-- Test -->
  </suite> <!-- Transform -->
</testng-results>
